2020-10-08T21:23:34.783Z [my-app] error : -- > Error Log < --
2020-10-08T21:23:34.785Z [my-app] warn : -- > Warn Log < --
2020-10-08T21:23:34.786Z [my-app] info : -- > Info Log < --
2020-10-08T21:23:34.786Z [my-app] verbose : -- > Verbose Log < --
2020-10-08T21:23:34.787Z [my-app] debug : -- > Debug Log < --
2020-10-08T21:23:34.787Z [my-app] silly : -- > Silly Log < --
2020-10-08T21:24:40.055Z [my-app] error : -- > Error Log < --
2020-10-08T21:24:40.059Z [my-app] warn : -- > Warn Log < --
2020-10-08T21:24:40.060Z [my-app] info : -- > Info Log < --
2020-10-08T21:24:40.062Z [my-app] verbose : -- > Verbose Log < --
2020-10-08T21:24:40.063Z [my-app] debug : -- > Debug Log < --
2020-10-08T21:24:40.063Z [my-app] silly : -- > Silly Log < --
2020-10-08T21:24:49.583Z [my-app] error : -- > Error Log < --
2020-10-08T21:24:49.587Z [my-app] warn : -- > Warn Log < --
2020-10-08T21:24:49.588Z [my-app] info : -- > Info Log < --
2020-10-08T21:24:49.589Z [my-app] verbose : -- > Verbose Log < --
2020-10-08T21:24:49.590Z [my-app] debug : -- > Debug Log < --
2020-10-08T21:24:49.590Z [my-app] silly : -- > Silly Log < --
2020-10-08T21:24:49.591Z [my-app] info : log
2020-10-08T21:24:59.944Z [my-app] error : -- > Error Log < --
2020-10-08T21:24:59.946Z [my-app] warn : -- > Warn Log < --
2020-10-08T21:24:59.947Z [my-app] info : -- > Info Log < --
2020-10-08T21:24:59.948Z [my-app] verbose : -- > Verbose Log < --
2020-10-08T21:24:59.948Z [my-app] debug : -- > Debug Log < --
2020-10-08T21:24:59.949Z [my-app] silly : -- > Silly Log < --
2020-10-08T21:25:23.579Z [my-app] error : -- > Error Log < --
2020-10-08T21:25:23.582Z [my-app] warn : -- > Warn Log < --
2020-10-08T21:25:23.583Z [my-app] info : -- > Info Log < --
2020-10-08T21:25:23.583Z [my-app] verbose : -- > Verbose Log < --
2020-10-08T21:25:23.585Z [my-app] debug : -- > Debug Log < --
2020-10-08T21:25:23.586Z [my-app] silly : -- > Silly Log < --
2020-10-08T21:25:23.587Z [my-app] info : Hello with parameters
